Arguments: 
  E:\nodejs\node.exe F:\yarn\bin\yarn.js publish

PATH: 
  C:\Windows\system32;C:\Windows;C:\Windows\System32\Wbem;C:\Windows\System32\WindowsPowerShell\v1.0\;C:\Windows\System32\OpenSSH\;C:\Program Files (x86)\NVIDIA Corporation\PhysX\Common;C:\Program Files\NVIDIA Corporation\NVIDIA NvDLISR;F:\yarn\bin\;C:\Users\fuyy\AppData\Local\Yarn\bin;D:\Git\cmd;E:\nodejs\;D:\OpenVPN\bin;C:\Program Files\TortoiseGit\bin;C:\Users\fuyy\AppData\Local\Microsoft\WindowsApps;D:\Microsoft VS Code\bin;C:\Users\fuyy\AppData\Local\GitHubDesktop\bin;C:\Users\fuyy\AppData\Local\Yarn\bin;F:\yarn\bin;C:\Users\fuyy\AppData\Local\Yarn\bin;C:\Users\fuyy\AppData\Roaming\npm

Yarn version: 
  1.22.5

Node version: 
  14.16.0

Platform: 
  win32 x64

Trace: 
  Error: https://registry.npm.taobao.org/-/user/org.couchdb.user:louisf: [conflict] User louisf already exists
      at Request.params.callback [as _callback] (F:\yarn\lib\cli.js:66097:18)
      at Request.self.callback (F:\yarn\lib\cli.js:140749:22)
      at Request.emit (events.js:315:20)
      at Request.<anonymous> (F:\yarn\lib\cli.js:141721:10)
      at Request.emit (events.js:315:20)
      at IncomingMessage.<anonymous> (F:\yarn\lib\cli.js:141643:12)
      at Object.onceWrapper (events.js:421:28)
      at IncomingMessage.emit (events.js:327:22)
      at endReadableNT (internal/streams/readable.js:1327:12)
      at processTicksAndRejections (internal/process/task_queues.js:80:21)

npm manifest: 
  {
    "name": "r-sticky",
    "version": "1.0.1",
    "license": "MIT",
    "main": "./lib/index.js",
    "module": "./es/index.js",
    "types": "./lib/index.d.ts",
    "unpkg": "dist/ahooks.js",
    "sideEffects": false,
    "authors": {
      "name": "louisf",
      "email": "287732502@qq.com.com"
    },
    "files": [
      "dist",
      "lib",
      "es",
      "package.json",
      "README.md"
    ],
    "scripts": {
      "build": "gulp && webpack-cli"
    },
    "devDependencies": {
      "react": "^16.8.6 || ^17.0"
    },
    "gitHead": "16644b47ef288a127013ff62e69d8d7b9b119962"
  }

yarn manifest: 
  No manifest

Lockfile: 
  No lockfile
